4.59163e-41
0.905639
0.881486
0.877744
0.876403
0.87557
0.87495
0.874459
0.874051
0.873701
0.873392
0.873109
0.872845
0.872592
0.872346
0.872099
0.871847
0.87159
0.871323
0.87104
0.870742
0.870423
0.870079
0.869708
0.869306
0.868867
0.868388
0.867864
0.867287
0.866652
0.86595
0.865174
0.864314
0.863359
0.862295
0.861111
0.859788
0.858312
0.856664
0.854826
0.852781
0.850515
0.848019
0.845294
0.84235
0.839213
0.835924
0.832538
0.82912
0.825735
0.822449
0.819311
0.816365
0.813633
0.811127
0.808844
0.806774
0.804903
0.80321
0.801673
0.800274
0.79899
0.797803
0.796696
0.79565
0.794649
0.793675
0.792712
0.791735
0.790725
0.789644
0.788457
0.787109
0.78553
0.783631
0.7813
0.778404
0.774799
0.770361
0.765019
0.758793
0.751811
0.744284
0.736451
0.728537
0.720712
0.713098
0.705773
0.698773
0.692117
0.685803
0.679824
0.674163
0.668805
0.663732
0.658927
0.654373
0.650054
0.645957
0.642066
0.638368
0.634851
0.631502
0.628311
0.625267
0.62236
0.619581
0.61692
0.614371
0.611926
0.609576
0.607316
0.605141
0.603043
0.601019
0.599063
0.59717
0.595338
0.593562
0.59184
0.590168
0.588544
0.586964
0.585429
0.583935
0.58248
0.581065
0.579688
0.578348
0.577043
0.575774
0.574542
0.573343
0.57218
0.571051
0.569957
0.568897
0.567872
0.56688
0.56592
0.564992
0.564094
0.563224
0.562379
0.561558
0.560756
0.55997
0.559197
0.558432
0.557671
0.556911
0.556148
0.555378
0.554599
0.553809
0.553004
0.552186
0.551353
0.550504
0.549642
0.548766
0.547877
0.546976
0.546066
0.545146
0.54422
0.543287
0.54235
0.541409
0.540466
0.539521
0.538576
0.53763
0.536687
0.535743
0.534802
0.533863
0.532927
0.531994
0.531063
0.530137
0.529214
0.528294
0.52738
0.526467
0.525559
0.524655
0.523755
0.52286
0.521968
0.521081
0.520198
0.51932
0.518446
0.517576
0.516711
0.515851
0.514996
0.514145
0.5133
0.512459
0.511624
0.510793
0.509966
0.509146
0.508329
0.507518
0.50671
0.505906
0.505107
0.50431
0.503516
0.502723
0.501931
0.501139
0.500345
0.499547
0.498744
0.497935
0.497116
0.496286
0.495442
0.494581
0.4937
0.492798
0.49187
0.490914
0.489927
0.488906
0.487849
0.486751
0.485609
0.48442
0.483173
0.481864
0.48048
0.479006
0.477423
0.475707
0.473829
0.471759
0.469466
0.466923
0.464108
0.461006
0.457611
0.453924
0.449956
0.445722
0.441244
0.436546
0.431652
0.426589
0.42138
0.416046
0.410609
0.405087
0.399499
0.393865
0.388205
0.382541
0.376895
0.371292
0.365756
0.36031
0.354975
0.349765
0.344692
0.339762
0.33498
0.330344
0.325854
0.321506
0.317298
0.313224
0.309281
0.305463
0.301767
0.298186
0.294717
0.291356
0.288097
0.284937
0.281872
0.278897
0.276009
0.273204
0.270479
0.26783
0.265255
0.26275
0.260313
0.25794
0.255629
0.253378
0.251184
0.249046
0.24696
0.244926
0.24294
0.241002
0.23911
0.237262
0.235456
0.23369
0.231965
0.230278
0.228627
0.227012
0.225432
0.223886
0.222371
0.220888
0.219436
0.218013
0.216618
0.215251
0.213912
0.212598
0.21131
0.210046
0.208807
0.207591
0.206397
0.205226
0.204076
0.202948
0.201839
0.200751
0.199682
0.198632
0.1976
0.196587
0.195591
0.194612
0.19365
0.192705
0.191775
0.190861
0.189962
0.189078
0.188209
0.187354
0.186512
0.185685
0.184871
0.18407
0.183282
0.182506
0.181742
0.180991
0.180251
0.179522
0.178805
0.178099
0.177404
0.176719
0.176045
0.175381
0.174727
0.174082
0.173447
0.172822
0.172205
0.171598
0.171
0.17041
0.169828
0.169255
0.16869
0.168133
0.167584
0.167043
0.166508
0.165981
0.165461
0.164949
0.164443
0.163943
0.163451
0.162964
0.162484
0.16201
0.161542
0.16108
0.160623
0.160172
0.159727
0.159286
0.158851
0.158421
0.157996
0.157575
0.157159
0.156749
0.156342
0.15594
0.155542
0.155148
0.154758
0.154373
0.153991
0.153613
0.153239
0.152868
0.152501
0.152137
0.151777
0.151421
0.151067
0.150717
0.15037
0.150026
0.149684
0.149346
0.149011
0.148679
0.148349
0.148022
0.147698
0.147377
0.147058
0.146742
0.146428
0.146117
0.145807
0.145501
0.145196
0.144895
0.144595
0.144298
0.144002
0.143709
0.143418
0.143129
0.142842
0.142557
0.142274
0.141993
0.141714
0.141437
0.141162
0.140889
0.140617
0.140348
0.14008
0.139815
0.13955
0.139288
0.139028
0.138769
0.138512
0.138257
0.138003
0.137751
0.137501
0.137251
0.137004
0.136759
0.136515
0.136272
0.136031
0.135791
0.135554
0.135317
0.135082
0.134849
0.134617
0.134387
0.134157
0.13393
0.133704
0.133479
0.133255
0.133034
0.132813
0.132594
0.132376
0.132159
0.131944
0.131731
0.131518
0.131308
0.131098
0.13089
0.130683
0.130477
0.130273
0.13007
0.129868
0.129667
0.129467
0.129269
0.129072
0.128876
0.128682
0.128488
0.128296
0.128105
0.127915
0.127726
0.127539
0.127352
0.127167
0.126983
0.1268
0.126618
0.126437
0.126257
0.126079
0.125901
0.125724
0.125549
0.125375
0.125202
0.125029
0.124858
0.124688
0.124519
0.124351
0.124184
0.124018
0.123853
0.123689
0.123526
0.123364
0.123202
0.123042
0.122883
0.122725
0.122567
0.122411
0.122255
0.122101
0.121947
0.121794
0.121642
0.121491
0.121341
0.121192
0.121043
0.120896
0.120749
0.120603
0.120458
0.120313
0.12017
0.120027
0.119885
0.119744
0.119604
0.119464
0.119325
0.119187
0.11905
0.118914
0.118778
0.118643
0.118509
0.118376
0.118243
0.118111
0.117979
0.117849
0.117719
0.11759
0.117461
0.117333
0.117206
0.117079
0.116953
0.116828
0.116703
0.116579
0.116456
0.116333
0.116211
0.11609
0.115969
0.115848
0.115729
0.11561
0.115491
0.115374
0.115256
0.11514
0.115024
0.114908
0.114793
0.114679
0.114565
0.114452
0.114339
0.114227
0.114115
0.114004
0.113893
0.113784
0.113674
0.113565
0.113456
0.113348
0.113241
0.113134
0.113028
0.112921
0.112816
0.112711
0.112606
0.112502
0.112398
0.112296
0.112193
0.112091
0.111989
0.111888
0.111787
0.111687
0.111587
0.111487
0.111388
0.11129
0.111192
0.111094
0.110997
0.1109
0.110803
0.110707
0.110612
0.110517
0.110422
0.110328
0.110233
0.11014
0.110047
0.109954
0.109862
0.10977
0.109678
0.109587
0.109496
0.109405
0.109315
0.109226
0.109136
0.109047
0.108958
0.10887
0.108782
0.108695
0.108607
0.10852
0.108434
0.108348
0.108262
0.108176
0.108091
0.108006
0.107921
0.107837
0.107753
0.107669
0.107586
0.107503
0.10742
0.107338
0.107255
0.107174
0.107092
0.107011
0.10693
0.106849
0.106769
0.106689
0.106609
0.10653
0.10645
0.106372
0.106293
0.106215
0.106136
0.106059
0.105981
0.105904
0.105827
0.10575
0.105673
0.105597
0.105521
0.105445
0.10537
0.105294
0.105219
0.105145
0.10507
0.104995
0.104921
0.104847
0.104774
0.1047
0.104627
0.104554
0.104481
0.104409
0.104336
0.104264
0.104192
0.104121
0.104049
0.103978
0.103906
0.103835
0.103765
0.103694
0.103624
0.103554
0.103484
0.103414
0.103344
0.103275
0.103206
0.103137
0.103068
0.102999
0.102931
0.102863
0.102795
0.102727
0.10266
0.102592
0.102525
0.102458
0.102391
0.102325
0.102258
0.102192
0.102126
0.102061
0.101995
0.10193
0.101865
0.1018
0.101736
0.101672
0.101607
0.101544
0.10148
0.101417
0.101354
0.101291
0.101228
0.101166
0.101105
0.101043
0.100982
0.100921
0.10086
0.1008
0.10074
0.10068
0.100621
0.100562
0.100503
0.100445
0.100387
0.10033
0.100273
0.100217
0.100161
0.100105
0.100051
